2025-12-27 21:56:46,147 [Worker-1: Loading available Gradle versions] INFO  o.e.b.c.i.u.g.PublishedGradleVersions - Gradle version information cache is not available. Remote download required.
2025-12-27 22:03:46,305 [Worker-6: Loading available Gradle versions] INFO  o.e.b.c.i.u.g.PublishedGradleVersions - Gradle version information cache is up-to-date. Trying to read.
2025-12-27 22:09:04,165 [Worker-4: Loading available Gradle versions] INFO  o.e.b.c.i.u.g.PublishedGradleVersions - Gradle version information cache is up-to-date. Trying to read.
2025-12-27 22:16:09,529 [Worker-5: Loading available Gradle versions] INFO  o.e.b.c.i.u.g.PublishedGradleVersions - Gradle version information cache is up-to-date. Trying to read.
2025-12-28 19:27:17,033 [ModalContext] INFO  o.e.m.c.i.e.AbstractTransferListenerAdapter - Downloading https://repo.maven.apache.org/maven2/org/apache/maven/archetypes/maven-archetype-quickstart/1.5/maven-archetype-quickstart-1.5.pom
2025-12-28 19:27:17,151 [ModalContext] INFO  o.e.m.c.i.e.AbstractTransferListenerAdapter - Downloaded https://repo.maven.apache.org/maven2/org/apache/maven/archetypes/maven-archetype-quickstart/1.5/maven-archetype-quickstart-1.5.pom
2025-12-28 19:27:17,223 [ModalContext] INFO  o.e.m.c.i.e.AbstractTransferListenerAdapter - Downloading https://repo.maven.apache.org/maven2/org/apache/maven/archetypes/maven-archetype-bundles/1.5/maven-archetype-bundles-1.5.pom
2025-12-28 19:27:17,282 [ModalContext] INFO  o.e.m.c.i.e.AbstractTransferListenerAdapter - Downloaded https://repo.maven.apache.org/maven2/org/apache/maven/archetypes/maven-archetype-bundles/1.5/maven-archetype-bundles-1.5.pom
2025-12-28 19:27:17,325 [ModalContext] INFO  o.e.m.c.i.e.AbstractTransferListenerAdapter - Downloading https://repo.maven.apache.org/maven2/org/apache/maven/maven-parent/43/maven-parent-43.pom
2025-12-28 19:27:17,357 [ModalContext] INFO  o.e.m.c.i.e.AbstractTransferListenerAdapter - Downloaded https://repo.maven.apache.org/maven2/org/apache/maven/maven-parent/43/maven-parent-43.pom
2025-12-28 19:27:17,456 [ModalContext] INFO  o.e.m.c.i.e.AbstractTransferListenerAdapter - Downloading https://repo.maven.apache.org/maven2/org/apache/apache/33/apache-33.pom
2025-12-28 19:27:17,463 [ModalContext] INFO  o.e.m.c.i.e.AbstractTransferListenerAdapter - Downloaded https://repo.maven.apache.org/maven2/org/apache/apache/33/apache-33.pom
2025-12-28 19:27:17,524 [ModalContext] INFO  o.e.m.c.i.e.AbstractTransferListenerAdapter - Downloading https://repo.maven.apache.org/maven2/org/junit/junit-bom/5.10.3/junit-bom-5.10.3.pom
2025-12-28 19:27:17,530 [ModalContext] INFO  o.e.m.c.i.e.AbstractTransferListenerAdapter - Downloaded https://repo.maven.apache.org/maven2/org/junit/junit-bom/5.10.3/junit-bom-5.10.3.pom
2025-12-28 19:27:17,576 [ModalContext] INFO  o.e.m.c.i.e.AbstractTransferListenerAdapter - Downloading https://repo.maven.apache.org/maven2/org/apache/maven/archetypes/maven-archetype-quickstart/1.5/maven-archetype-quickstart-1.5.jar
2025-12-28 19:27:17,623 [ModalContext] INFO  o.e.m.c.i.e.AbstractTransferListenerAdapter - Downloaded https://repo.maven.apache.org/maven2/org/apache/maven/archetypes/maven-archetype-quickstart/1.5/maven-archetype-quickstart-1.5.jar
2025-12-28 19:28:25,763 [Worker-96: Launching mavenrun-f882fdde-1140-433f-b223-e243fd6d915c] INFO  o.eclipse.m2e.core.internal.Bundles - getClasspathEntries(Bundle=org.eclipse.m2e.maven.runtime_3.9.1101.20251020-1549 [648])
2025-12-28 19:28:25,766 [Worker-96: Launching mavenrun-f882fdde-1140-433f-b223-e243fd6d915c] INFO  o.eclipse.m2e.core.internal.Bundles - 	Entry: C:\Users\rodri\.p2\pool\plugins\org.eclipse.m2e.maven.runtime_3.9.1101.20251020-1549
2025-12-28 19:28:25,767 [Worker-96: Launching mavenrun-f882fdde-1140-433f-b223-e243fd6d915c] INFO  o.eclipse.m2e.core.internal.Bundles - 	Entry: C:\Users\rodri\.p2\pool\plugins\org.eclipse.m2e.maven.runtime_3.9.1101.20251020-1549\jars\aopalliance-1.0.jar
2025-12-28 19:28:25,767 [Worker-96: Launching mavenrun-f882fdde-1140-433f-b223-e243fd6d915c] INFO  o.eclipse.m2e.core.internal.Bundles - 	Entry: C:\Users\rodri\.p2\pool\plugins\org.eclipse.m2e.maven.runtime_3.9.1101.20251020-1549\jars\asm-9.8.jar
2025-12-28 19:28:25,768 [Worker-96: Launching mavenrun-f882fdde-1140-433f-b223-e243fd6d915c] INFO  o.eclipse.m2e.core.internal.Bundles - 	Entry: C:\Users\rodri\.p2\pool\plugins\org.eclipse.m2e.maven.runtime_3.9.1101.20251020-1549\jars\error_prone_annotations-2.38.0.jar
2025-12-28 19:28:25,768 [Worker-96: Launching mavenrun-f882fdde-1140-433f-b223-e243fd6d915c] INFO  o.eclipse.m2e.core.internal.Bundles - 	Entry: C:\Users\rodri\.p2\pool\plugins\org.eclipse.m2e.maven.runtime_3.9.1101.20251020-1549\jars\gson-2.13.1.jar
2025-12-28 19:28:25,768 [Worker-96: Launching mavenrun-f882fdde-1140-433f-b223-e243fd6d915c] INFO  o.eclipse.m2e.core.internal.Bundles - 	Entry: C:\Users\rodri\.p2\pool\plugins\org.eclipse.m2e.maven.runtime_3.9.1101.20251020-1549\jars\guice-5.1.0-classes.jar
2025-12-28 19:28:25,768 [Worker-96: Launching mavenrun-f882fdde-1140-433f-b223-e243fd6d915c] INFO  o.eclipse.m2e.core.internal.Bundles - 	Entry: C:\Users\rodri\.p2\pool\plugins\org.eclipse.m2e.maven.runtime_3.9.1101.20251020-1549\jars\httpclient-4.5.14.jar
2025-12-28 19:28:25,768 [Worker-96: Launching mavenrun-f882fdde-1140-433f-b223-e243fd6d915c] INFO  o.eclipse.m2e.core.internal.Bundles - 	Entry: C:\Users\rodri\.p2\pool\plugins\org.eclipse.m2e.maven.runtime_3.9.1101.20251020-1549\jars\httpcore-4.4.16.jar
2025-12-28 19:28:25,768 [Worker-96: Launching mavenrun-f882fdde-1140-433f-b223-e243fd6d915c] INFO  o.eclipse.m2e.core.internal.Bundles - 	Entry: C:\Users\rodri\.p2\pool\plugins\org.eclipse.m2e.maven.runtime_3.9.1101.20251020-1549\jars\jansi-2.4.2.jar
2025-12-28 19:28:25,768 [Worker-96: Launching mavenrun-f882fdde-1140-433f-b223-e243fd6d915c] INFO  o.eclipse.m2e.core.internal.Bundles - 	Entry: C:\Users\rodri\.p2\pool\plugins\org.eclipse.m2e.maven.runtime_3.9.1101.20251020-1549\jars\jcl-over-slf4j-1.7.36.jar
2025-12-28 19:28:25,769 [Worker-96: Launching mavenrun-f882fdde-1140-433f-b223-e243fd6d915c] INFO  o.eclipse.m2e.core.internal.Bundles - 	Entry: C:\Users\rodri\.p2\pool\plugins\org.eclipse.m2e.maven.runtime_3.9.1101.20251020-1549\jars\maven-artifact-3.9.11.jar
2025-12-28 19:28:25,769 [Worker-96: Launching mavenrun-f882fdde-1140-433f-b223-e243fd6d915c] INFO  o.eclipse.m2e.core.internal.Bundles - 	Entry: C:\Users\rodri\.p2\pool\plugins\org.eclipse.m2e.maven.runtime_3.9.1101.20251020-1549\jars\maven-builder-support-3.9.11.jar
2025-12-28 19:28:25,769 [Worker-96: Launching mavenrun-f882fdde-1140-433f-b223-e243fd6d915c] INFO  o.eclipse.m2e.core.internal.Bundles - 	Entry: C:\Users\rodri\.p2\pool\plugins\org.eclipse.m2e.maven.runtime_3.9.1101.20251020-1549\jars\maven-compat-3.9.11.jar
2025-12-28 19:28:25,770 [Worker-96: Launching mavenrun-f882fdde-1140-433f-b223-e243fd6d915c] INFO  o.eclipse.m2e.core.internal.Bundles - 	Entry: C:\Users\rodri\.p2\pool\plugins\org.eclipse.m2e.maven.runtime_3.9.1101.20251020-1549\jars\maven-core-3.9.11.jar
2025-12-28 19:28:25,770 [Worker-96: Launching mavenrun-f882fdde-1140-433f-b223-e243fd6d915c] INFO  o.eclipse.m2e.core.internal.Bundles - 	Entry: C:\Users\rodri\.p2\pool\plugins\org.eclipse.m2e.maven.runtime_3.9.1101.20251020-1549\jars\maven-embedder-3.9.11.jar
2025-12-28 19:28:25,770 [Worker-96: Launching mavenrun-f882fdde-1140-433f-b223-e243fd6d915c] INFO  o.eclipse.m2e.core.internal.Bundles - 	Entry: C:\Users\rodri\.p2\pool\plugins\org.eclipse.m2e.maven.runtime_3.9.1101.20251020-1549\jars\maven-model-3.9.11.jar
2025-12-28 19:28:25,770 [Worker-96: Launching mavenrun-f882fdde-1140-433f-b223-e243fd6d915c] INFO  o.eclipse.m2e.core.internal.Bundles - 	Entry: C:\Users\rodri\.p2\pool\plugins\org.eclipse.m2e.maven.runtime_3.9.1101.20251020-1549\jars\maven-model-builder-3.9.11.jar
2025-12-28 19:28:25,771 [Worker-96: Launching mavenrun-f882fdde-1140-433f-b223-e243fd6d915c] INFO  o.eclipse.m2e.core.internal.Bundles - 	Entry: C:\Users\rodri\.p2\pool\plugins\org.eclipse.m2e.maven.runtime_3.9.1101.20251020-1549\jars\maven-plugin-api-3.9.11.jar
2025-12-28 19:28:25,771 [Worker-96: Launching mavenrun-f882fdde-1140-433f-b223-e243fd6d915c] INFO  o.eclipse.m2e.core.internal.Bundles - 	Entry: C:\Users\rodri\.p2\pool\plugins\org.eclipse.m2e.maven.runtime_3.9.1101.20251020-1549\jars\maven-repository-metadata-3.9.11.jar
2025-12-28 19:28:25,771 [Worker-96: Launching mavenrun-f882fdde-1140-433f-b223-e243fd6d915c] INFO  o.eclipse.m2e.core.internal.Bundles - 	Entry: C:\Users\rodri\.p2\pool\plugins\org.eclipse.m2e.maven.runtime_3.9.1101.20251020-1549\jars\maven-resolver-api-1.9.24.jar
2025-12-28 19:28:25,771 [Worker-96: Launching mavenrun-f882fdde-1140-433f-b223-e243fd6d915c] INFO  o.eclipse.m2e.core.internal.Bundles - 	Entry: C:\Users\rodri\.p2\pool\plugins\org.eclipse.m2e.maven.runtime_3.9.1101.20251020-1549\jars\maven-resolver-connector-basic-1.9.24.jar
2025-12-28 19:28:25,771 [Worker-96: Launching mavenrun-f882fdde-1140-433f-b223-e243fd6d915c] INFO  o.eclipse.m2e.core.internal.Bundles - 	Entry: C:\Users\rodri\.p2\pool\plugins\org.eclipse.m2e.maven.runtime_3.9.1101.20251020-1549\jars\maven-resolver-impl-1.9.24.jar
2025-12-28 19:28:25,772 [Worker-96: Launching mavenrun-f882fdde-1140-433f-b223-e243fd6d915c] INFO  o.eclipse.m2e.core.internal.Bundles - 	Entry: C:\Users\rodri\.p2\pool\plugins\org.eclipse.m2e.maven.runtime_3.9.1101.20251020-1549\jars\maven-resolver-named-locks-1.9.24.jar
2025-12-28 19:28:25,772 [Worker-96: Launching mavenrun-f882fdde-1140-433f-b223-e243fd6d915c] INFO  o.eclipse.m2e.core.internal.Bundles - 	Entry: C:\Users\rodri\.p2\pool\plugins\org.eclipse.m2e.maven.runtime_3.9.1101.20251020-1549\jars\maven-resolver-provider-3.9.11.jar
2025-12-28 19:28:25,772 [Worker-96: Launching mavenrun-f882fdde-1140-433f-b223-e243fd6d915c] INFO  o.eclipse.m2e.core.internal.Bundles - 	Entry: C:\Users\rodri\.p2\pool\plugins\org.eclipse.m2e.maven.runtime_3.9.1101.20251020-1549\jars\maven-resolver-spi-1.9.24.jar
2025-12-28 19:28:25,772 [Worker-96: Launching mavenrun-f882fdde-1140-433f-b223-e243fd6d915c] INFO  o.eclipse.m2e.core.internal.Bundles - 	Entry: C:\Users\rodri\.p2\pool\plugins\org.eclipse.m2e.maven.runtime_3.9.1101.20251020-1549\jars\maven-resolver-transport-file-1.9.24.jar
2025-12-28 19:28:25,772 [Worker-96: Launching mavenrun-f882fdde-1140-433f-b223-e243fd6d915c] INFO  o.eclipse.m2e.core.internal.Bundles - 	Entry: C:\Users\rodri\.p2\pool\plugins\org.eclipse.m2e.maven.runtime_3.9.1101.20251020-1549\jars\maven-resolver-transport-http-1.9.24.jar
2025-12-28 19:28:25,772 [Worker-96: Launching mavenrun-f882fdde-1140-433f-b223-e243fd6d915c] INFO  o.eclipse.m2e.core.internal.Bundles - 	Entry: C:\Users\rodri\.p2\pool\plugins\org.eclipse.m2e.maven.runtime_3.9.1101.20251020-1549\jars\maven-resolver-transport-wagon-1.9.24.jar
2025-12-28 19:28:25,772 [Worker-96: Launching mavenrun-f882fdde-1140-433f-b223-e243fd6d915c] INFO  o.eclipse.m2e.core.internal.Bundles - 	Entry: C:\Users\rodri\.p2\pool\plugins\org.eclipse.m2e.maven.runtime_3.9.1101.20251020-1549\jars\maven-resolver-util-1.9.24.jar
2025-12-28 19:28:25,773 [Worker-96: Launching mavenrun-f882fdde-1140-433f-b223-e243fd6d915c] INFO  o.eclipse.m2e.core.internal.Bundles - 	Entry: C:\Users\rodri\.p2\pool\plugins\org.eclipse.m2e.maven.runtime_3.9.1101.20251020-1549\jars\maven-settings-3.9.11.jar
2025-12-28 19:28:25,773 [Worker-96: Launching mavenrun-f882fdde-1140-433f-b223-e243fd6d915c] INFO  o.eclipse.m2e.core.internal.Bundles - 	Entry: C:\Users\rodri\.p2\pool\plugins\org.eclipse.m2e.maven.runtime_3.9.1101.20251020-1549\jars\maven-settings-builder-3.9.11.jar
2025-12-28 19:28:25,773 [Worker-96: Launching mavenrun-f882fdde-1140-433f-b223-e243fd6d915c] INFO  o.eclipse.m2e.core.internal.Bundles - 	Entry: C:\Users\rodri\.p2\pool\plugins\org.eclipse.m2e.maven.runtime_3.9.1101.20251020-1549\jars\maven-shared-utils-3.4.2.jar
2025-12-28 19:28:25,773 [Worker-96: Launching mavenrun-f882fdde-1140-433f-b223-e243fd6d915c] INFO  o.eclipse.m2e.core.internal.Bundles - 	Entry: C:\Users\rodri\.p2\pool\plugins\org.eclipse.m2e.maven.runtime_3.9.1101.20251020-1549\jars\org.eclipse.sisu.inject-0.9.0.M4.jar
2025-12-28 19:28:25,773 [Worker-96: Launching mavenrun-f882fdde-1140-433f-b223-e243fd6d915c] INFO  o.eclipse.m2e.core.internal.Bundles - 	Entry: C:\Users\rodri\.p2\pool\plugins\org.eclipse.m2e.maven.runtime_3.9.1101.20251020-1549\jars\org.eclipse.sisu.plexus-0.9.0.M4.jar
2025-12-28 19:28:25,773 [Worker-96: Launching mavenrun-f882fdde-1140-433f-b223-e243fd6d915c] INFO  o.eclipse.m2e.core.internal.Bundles - 	Entry: C:\Users\rodri\.p2\pool\plugins\org.eclipse.m2e.maven.runtime_3.9.1101.20251020-1549\jars\plexus-build-api-0.0.7.jar
2025-12-28 19:28:25,773 [Worker-96: Launching mavenrun-f882fdde-1140-433f-b223-e243fd6d915c] INFO  o.eclipse.m2e.core.internal.Bundles - 	Entry: C:\Users\rodri\.p2\pool\plugins\org.eclipse.m2e.maven.runtime_3.9.1101.20251020-1549\jars\plexus-build-api-1.2.0.jar
2025-12-28 19:28:25,773 [Worker-96: Launching mavenrun-f882fdde-1140-433f-b223-e243fd6d915c] INFO  o.eclipse.m2e.core.internal.Bundles - 	Entry: C:\Users\rodri\.p2\pool\plugins\org.eclipse.m2e.maven.runtime_3.9.1101.20251020-1549\jars\plexus-cipher-2.0.jar
2025-12-28 19:28:25,774 [Worker-96: Launching mavenrun-f882fdde-1140-433f-b223-e243fd6d915c] INFO  o.eclipse.m2e.core.internal.Bundles - 	Entry: C:\Users\rodri\.p2\pool\plugins\org.eclipse.m2e.maven.runtime_3.9.1101.20251020-1549\jars\plexus-classworlds-2.9.0.jar
2025-12-28 19:28:25,774 [Worker-96: Launching mavenrun-f882fdde-1140-433f-b223-e243fd6d915c] INFO  o.eclipse.m2e.core.internal.Bundles - 	Entry: C:\Users\rodri\.p2\pool\plugins\org.eclipse.m2e.maven.runtime_3.9.1101.20251020-1549\jars\plexus-component-annotations-2.2.0.jar
2025-12-28 19:28:25,774 [Worker-96: Launching mavenrun-f882fdde-1140-433f-b223-e243fd6d915c] INFO  o.eclipse.m2e.core.internal.Bundles - 	Entry: C:\Users\rodri\.p2\pool\plugins\org.eclipse.m2e.maven.runtime_3.9.1101.20251020-1549\jars\plexus-interpolation-1.28.jar
2025-12-28 19:28:25,774 [Worker-96: Launching mavenrun-f882fdde-1140-433f-b223-e243fd6d915c] INFO  o.eclipse.m2e.core.internal.Bundles - 	Entry: C:\Users\rodri\.p2\pool\plugins\org.eclipse.m2e.maven.runtime_3.9.1101.20251020-1549\jars\plexus-sec-dispatcher-2.0.jar
2025-12-28 19:28:25,774 [Worker-96: Launching mavenrun-f882fdde-1140-433f-b223-e243fd6d915c] INFO  o.eclipse.m2e.core.internal.Bundles - 	Entry: C:\Users\rodri\.p2\pool\plugins\org.eclipse.m2e.maven.runtime_3.9.1101.20251020-1549\jars\plexus-utils-3.6.0.jar
2025-12-28 19:28:25,774 [Worker-96: Launching mavenrun-f882fdde-1140-433f-b223-e243fd6d915c] INFO  o.eclipse.m2e.core.internal.Bundles - 	Entry: C:\Users\rodri\.p2\pool\plugins\org.eclipse.m2e.maven.runtime_3.9.1101.20251020-1549\jars\wagon-file-3.5.3.jar
2025-12-28 19:28:25,774 [Worker-96: Launching mavenrun-f882fdde-1140-433f-b223-e243fd6d915c] INFO  o.eclipse.m2e.core.internal.Bundles - 	Entry: C:\Users\rodri\.p2\pool\plugins\org.eclipse.m2e.maven.runtime_3.9.1101.20251020-1549\jars\wagon-http-3.5.3.jar
2025-12-28 19:28:25,774 [Worker-96: Launching mavenrun-f882fdde-1140-433f-b223-e243fd6d915c] INFO  o.eclipse.m2e.core.internal.Bundles - 	Entry: C:\Users\rodri\.p2\pool\plugins\org.eclipse.m2e.maven.runtime_3.9.1101.20251020-1549\jars\wagon-http-shared-3.5.3.jar
2025-12-28 19:28:25,775 [Worker-96: Launching mavenrun-f882fdde-1140-433f-b223-e243fd6d915c] INFO  o.eclipse.m2e.core.internal.Bundles - 	Entry: C:\Users\rodri\.p2\pool\plugins\org.eclipse.m2e.maven.runtime_3.9.1101.20251020-1549\jars\wagon-provider-api-3.5.3.jar
2025-12-28 19:28:25,776 [Worker-96: Launching mavenrun-f882fdde-1140-433f-b223-e243fd6d915c] INFO  o.eclipse.m2e.core.internal.Bundles - getClasspathEntries(Bundle=com.google.guava_33.5.0.jre [18])
2025-12-28 19:28:25,777 [Worker-96: Launching mavenrun-f882fdde-1140-433f-b223-e243fd6d915c] INFO  o.eclipse.m2e.core.internal.Bundles - 	Entry: C:\Users\rodri\.p2\pool\plugins\com.google.guava_33.5.0.jre.jar
2025-12-28 19:28:25,777 [Worker-96: Launching mavenrun-f882fdde-1140-433f-b223-e243fd6d915c] INFO  o.eclipse.m2e.core.internal.Bundles - getClasspathEntries(Bundle=slf4j.api_2.0.17 [1013])
2025-12-28 19:28:25,778 [Worker-96: Launching mavenrun-f882fdde-1140-433f-b223-e243fd6d915c] INFO  o.eclipse.m2e.core.internal.Bundles - 	Entry: C:\Users\rodri\.p2\pool\plugins\slf4j.api_2.0.17.jar
2025-12-28 19:28:25,779 [Worker-96: Launching mavenrun-f882fdde-1140-433f-b223-e243fd6d915c] INFO  o.eclipse.m2e.core.internal.Bundles - getClasspathEntries(Bundle=jakarta.inject.jakarta.inject-api_1.0.5 [35])
2025-12-28 19:28:25,780 [Worker-96: Launching mavenrun-f882fdde-1140-433f-b223-e243fd6d915c] INFO  o.eclipse.m2e.core.internal.Bundles - 	Entry: C:\Users\rodri\.p2\pool\plugins\jakarta.inject.jakarta.inject-api_1.0.5.jar
2025-12-28 19:28:25,780 [Worker-96: Launching mavenrun-f882fdde-1140-433f-b223-e243fd6d915c] INFO  o.eclipse.m2e.core.internal.Bundles - getClasspathEntries(Bundle=jakarta.annotation-api_1.3.5 [31])
2025-12-28 19:28:25,781 [Worker-96: Launching mavenrun-f882fdde-1140-433f-b223-e243fd6d915c] INFO  o.eclipse.m2e.core.internal.Bundles - 	Entry: C:\Users\rodri\.p2\pool\plugins\jakarta.annotation-api_1.3.5.jar
2025-12-28 19:28:25,781 [Worker-96: Launching mavenrun-f882fdde-1140-433f-b223-e243fd6d915c] INFO  o.eclipse.m2e.core.internal.Bundles - getClasspathEntries(Bundle=org.apache.commons.cli_1.11.0 [82])
2025-12-28 19:28:25,781 [Worker-96: Launching mavenrun-f882fdde-1140-433f-b223-e243fd6d915c] INFO  o.eclipse.m2e.core.internal.Bundles - 	Entry: C:\Users\rodri\.p2\pool\plugins\org.apache.commons.cli_1.11.0.jar
2025-12-28 19:28:25,781 [Worker-96: Launching mavenrun-f882fdde-1140-433f-b223-e243fd6d915c] INFO  o.eclipse.m2e.core.internal.Bundles - getClasspathEntries(Bundle=org.apache.commons.commons-codec_1.20.0 [84])
2025-12-28 19:28:25,782 [Worker-96: Launching mavenrun-f882fdde-1140-433f-b223-e243fd6d915c] INFO  o.eclipse.m2e.core.internal.Bundles - 	Entry: C:\Users\rodri\.p2\pool\plugins\org.apache.commons.commons-codec_1.20.0.jar
2025-12-28 19:28:25,782 [Worker-96: Launching mavenrun-f882fdde-1140-433f-b223-e243fd6d915c] INFO  o.eclipse.m2e.core.internal.Bundles - getClasspathEntries(Bundle=com.google.guava.failureaccess_1.0.3 [19])
2025-12-28 19:28:25,782 [Worker-96: Launching mavenrun-f882fdde-1140-433f-b223-e243fd6d915c] INFO  o.eclipse.m2e.core.internal.Bundles - 	Entry: C:\Users\rodri\.p2\pool\plugins\com.google.guava.failureaccess_1.0.3.jar
2025-12-28 19:28:25,918 [Worker-96: Launching mavenrun-f882fdde-1140-433f-b223-e243fd6d915c] INFO  o.e.m.i.launch.MavenLaunchDelegate - Run build in "C:\Users\rodri\AppData\Local\Temp\m2e-archetypeGenerator14322801548155149175":
2025-12-28 19:28:26,050 [Worker-96: Launching mavenrun-f882fdde-1140-433f-b223-e243fd6d915c] INFO  o.e.m.i.launch.MavenLaunchDelegate -  mvn  -DjavaCompilerVersion=17 -DjunitVersion=5.11.0 -DarchetypeGroupId=org.apache.maven.archetypes -DarchetypeArtifactId=maven-archetype-quickstart -DarchetypeVersion=1.5 -DgroupId=com.gestaoconfeitaria -DartifactId=gestaoconfeitaria -Dversion=0.0.1-SNAPSHOT -Dpackage=com.gestaoconfeitaria.gestaoconfeitaria -DoutputDirectory=C:\Users\rodri\Documents\GitHub\GestaoConfeitaria -Dstyle.color=always -U archetype:generate
2025-12-28 20:18:11,134 [Worker-5: Loading available Gradle versions] INFO  o.e.b.c.i.u.g.PublishedGradleVersions - Gradle version information cache is up-to-date. Trying to read.
2025-12-28 20:18:49,695 [ModalContext] INFO  o.e.m.c.i.e.AbstractTransferListenerAdapter - Downloading https://repo.maven.apache.org/maven2/org/apache/maven/archetypes/maven-archetype-quickstart/1.1/maven-archetype-quickstart-1.1.pom
2025-12-28 20:18:49,714 [ModalContext] INFO  o.e.m.c.i.e.AbstractTransferListenerAdapter - Downloaded https://repo.maven.apache.org/maven2/org/apache/maven/archetypes/maven-archetype-quickstart/1.1/maven-archetype-quickstart-1.1.pom
2025-12-28 20:18:49,968 [ModalContext] INFO  o.e.m.c.i.e.AbstractTransferListenerAdapter - Downloading https://repo.maven.apache.org/maven2/org/apache/maven/archetypes/maven-archetype-bundles/4/maven-archetype-bundles-4.pom
2025-12-28 20:18:49,997 [ModalContext] INFO  o.e.m.c.i.e.AbstractTransferListenerAdapter - Downloaded https://repo.maven.apache.org/maven2/org/apache/maven/archetypes/maven-archetype-bundles/4/maven-archetype-bundles-4.pom
2025-12-28 20:18:50,044 [ModalContext] INFO  o.e.m.c.i.e.AbstractTransferListenerAdapter - Downloading https://repo.maven.apache.org/maven2/org/apache/maven/archetype/maven-archetype/2.0-alpha-5/maven-archetype-2.0-alpha-5.pom
2025-12-28 20:18:50,080 [ModalContext] INFO  o.e.m.c.i.e.AbstractTransferListenerAdapter - Downloaded https://repo.maven.apache.org/maven2/org/apache/maven/archetype/maven-archetype/2.0-alpha-5/maven-archetype-2.0-alpha-5.pom
2025-12-28 20:18:50,151 [ModalContext] INFO  o.e.m.c.i.e.AbstractTransferListenerAdapter - Downloading https://repo.maven.apache.org/maven2/org/apache/maven/archetypes/maven-archetype-quickstart/1.1/maven-archetype-quickstart-1.1.jar
2025-12-28 20:18:50,154 [ModalContext] INFO  o.e.m.c.i.e.AbstractTransferListenerAdapter - Downloaded https://repo.maven.apache.org/maven2/org/apache/maven/archetypes/maven-archetype-quickstart/1.1/maven-archetype-quickstart-1.1.jar
2025-12-28 20:19:37,066 [Worker-7: Launching mavenrun-75e05d4c-e7a3-4911-be42-9b59c75f501a] INFO  o.eclipse.m2e.core.internal.Bundles - getClasspathEntries(Bundle=org.eclipse.m2e.maven.runtime_3.9.1101.20251020-1549 [648])
2025-12-28 20:19:37,068 [Worker-7: Launching mavenrun-75e05d4c-e7a3-4911-be42-9b59c75f501a] INFO  o.eclipse.m2e.core.internal.Bundles - 	Entry: C:\Users\rodri\.p2\pool\plugins\org.eclipse.m2e.maven.runtime_3.9.1101.20251020-1549
2025-12-28 20:19:37,068 [Worker-7: Launching mavenrun-75e05d4c-e7a3-4911-be42-9b59c75f501a] INFO  o.eclipse.m2e.core.internal.Bundles - 	Entry: C:\Users\rodri\.p2\pool\plugins\org.eclipse.m2e.maven.runtime_3.9.1101.20251020-1549\jars\aopalliance-1.0.jar
2025-12-28 20:19:37,068 [Worker-7: Launching mavenrun-75e05d4c-e7a3-4911-be42-9b59c75f501a] INFO  o.eclipse.m2e.core.internal.Bundles - 	Entry: C:\Users\rodri\.p2\pool\plugins\org.eclipse.m2e.maven.runtime_3.9.1101.20251020-1549\jars\asm-9.8.jar
2025-12-28 20:19:37,068 [Worker-7: Launching mavenrun-75e05d4c-e7a3-4911-be42-9b59c75f501a] INFO  o.eclipse.m2e.core.internal.Bundles - 	Entry: C:\Users\rodri\.p2\pool\plugins\org.eclipse.m2e.maven.runtime_3.9.1101.20251020-1549\jars\error_prone_annotations-2.38.0.jar
2025-12-28 20:19:37,068 [Worker-7: Launching mavenrun-75e05d4c-e7a3-4911-be42-9b59c75f501a] INFO  o.eclipse.m2e.core.internal.Bundles - 	Entry: C:\Users\rodri\.p2\pool\plugins\org.eclipse.m2e.maven.runtime_3.9.1101.20251020-1549\jars\gson-2.13.1.jar
2025-12-28 20:19:37,068 [Worker-7: Launching mavenrun-75e05d4c-e7a3-4911-be42-9b59c75f501a] INFO  o.eclipse.m2e.core.internal.Bundles - 	Entry: C:\Users\rodri\.p2\pool\plugins\org.eclipse.m2e.maven.runtime_3.9.1101.20251020-1549\jars\guice-5.1.0-classes.jar
2025-12-28 20:19:37,068 [Worker-7: Launching mavenrun-75e05d4c-e7a3-4911-be42-9b59c75f501a] INFO  o.eclipse.m2e.core.internal.Bundles - 	Entry: C:\Users\rodri\.p2\pool\plugins\org.eclipse.m2e.maven.runtime_3.9.1101.20251020-1549\jars\httpclient-4.5.14.jar
2025-12-28 20:19:37,068 [Worker-7: Launching mavenrun-75e05d4c-e7a3-4911-be42-9b59c75f501a] INFO  o.eclipse.m2e.core.internal.Bundles - 	Entry: C:\Users\rodri\.p2\pool\plugins\org.eclipse.m2e.maven.runtime_3.9.1101.20251020-1549\jars\httpcore-4.4.16.jar
2025-12-28 20:19:37,068 [Worker-7: Launching mavenrun-75e05d4c-e7a3-4911-be42-9b59c75f501a] INFO  o.eclipse.m2e.core.internal.Bundles - 	Entry: C:\Users\rodri\.p2\pool\plugins\org.eclipse.m2e.maven.runtime_3.9.1101.20251020-1549\jars\jansi-2.4.2.jar
2025-12-28 20:19:37,069 [Worker-7: Launching mavenrun-75e05d4c-e7a3-4911-be42-9b59c75f501a] INFO  o.eclipse.m2e.core.internal.Bundles - 	Entry: C:\Users\rodri\.p2\pool\plugins\org.eclipse.m2e.maven.runtime_3.9.1101.20251020-1549\jars\jcl-over-slf4j-1.7.36.jar
2025-12-28 20:19:37,069 [Worker-7: Launching mavenrun-75e05d4c-e7a3-4911-be42-9b59c75f501a] INFO  o.eclipse.m2e.core.internal.Bundles - 	Entry: C:\Users\rodri\.p2\pool\plugins\org.eclipse.m2e.maven.runtime_3.9.1101.20251020-1549\jars\maven-artifact-3.9.11.jar
2025-12-28 20:19:37,069 [Worker-7: Launching mavenrun-75e05d4c-e7a3-4911-be42-9b59c75f501a] INFO  o.eclipse.m2e.core.internal.Bundles - 	Entry: C:\Users\rodri\.p2\pool\plugins\org.eclipse.m2e.maven.runtime_3.9.1101.20251020-1549\jars\maven-builder-support-3.9.11.jar
2025-12-28 20:19:37,069 [Worker-7: Launching mavenrun-75e05d4c-e7a3-4911-be42-9b59c75f501a] INFO  o.eclipse.m2e.core.internal.Bundles - 	Entry: C:\Users\rodri\.p2\pool\plugins\org.eclipse.m2e.maven.runtime_3.9.1101.20251020-1549\jars\maven-compat-3.9.11.jar
2025-12-28 20:19:37,069 [Worker-7: Launching mavenrun-75e05d4c-e7a3-4911-be42-9b59c75f501a] INFO  o.eclipse.m2e.core.internal.Bundles - 	Entry: C:\Users\rodri\.p2\pool\plugins\org.eclipse.m2e.maven.runtime_3.9.1101.20251020-1549\jars\maven-core-3.9.11.jar
2025-12-28 20:19:37,069 [Worker-7: Launching mavenrun-75e05d4c-e7a3-4911-be42-9b59c75f501a] INFO  o.eclipse.m2e.core.internal.Bundles - 	Entry: C:\Users\rodri\.p2\pool\plugins\org.eclipse.m2e.maven.runtime_3.9.1101.20251020-1549\jars\maven-embedder-3.9.11.jar
2025-12-28 20:19:37,069 [Worker-7: Launching mavenrun-75e05d4c-e7a3-4911-be42-9b59c75f501a] INFO  o.eclipse.m2e.core.internal.Bundles - 	Entry: C:\Users\rodri\.p2\pool\plugins\org.eclipse.m2e.maven.runtime_3.9.1101.20251020-1549\jars\maven-model-3.9.11.jar
2025-12-28 20:19:37,069 [Worker-7: Launching mavenrun-75e05d4c-e7a3-4911-be42-9b59c75f501a] INFO  o.eclipse.m2e.core.internal.Bundles - 	Entry: C:\Users\rodri\.p2\pool\plugins\org.eclipse.m2e.maven.runtime_3.9.1101.20251020-1549\jars\maven-model-builder-3.9.11.jar
2025-12-28 20:19:37,069 [Worker-7: Launching mavenrun-75e05d4c-e7a3-4911-be42-9b59c75f501a] INFO  o.eclipse.m2e.core.internal.Bundles - 	Entry: C:\Users\rodri\.p2\pool\plugins\org.eclipse.m2e.maven.runtime_3.9.1101.20251020-1549\jars\maven-plugin-api-3.9.11.jar
2025-12-28 20:19:37,069 [Worker-7: Launching mavenrun-75e05d4c-e7a3-4911-be42-9b59c75f501a] INFO  o.eclipse.m2e.core.internal.Bundles - 	Entry: C:\Users\rodri\.p2\pool\plugins\org.eclipse.m2e.maven.runtime_3.9.1101.20251020-1549\jars\maven-repository-metadata-3.9.11.jar
2025-12-28 20:19:37,069 [Worker-7: Launching mavenrun-75e05d4c-e7a3-4911-be42-9b59c75f501a] INFO  o.eclipse.m2e.core.internal.Bundles - 	Entry: C:\Users\rodri\.p2\pool\plugins\org.eclipse.m2e.maven.runtime_3.9.1101.20251020-1549\jars\maven-resolver-api-1.9.24.jar
2025-12-28 20:19:37,070 [Worker-7: Launching mavenrun-75e05d4c-e7a3-4911-be42-9b59c75f501a] INFO  o.eclipse.m2e.core.internal.Bundles - 	Entry: C:\Users\rodri\.p2\pool\plugins\org.eclipse.m2e.maven.runtime_3.9.1101.20251020-1549\jars\maven-resolver-connector-basic-1.9.24.jar
2025-12-28 20:19:37,070 [Worker-7: Launching mavenrun-75e05d4c-e7a3-4911-be42-9b59c75f501a] INFO  o.eclipse.m2e.core.internal.Bundles - 	Entry: C:\Users\rodri\.p2\pool\plugins\org.eclipse.m2e.maven.runtime_3.9.1101.20251020-1549\jars\maven-resolver-impl-1.9.24.jar
2025-12-28 20:19:37,070 [Worker-7: Launching mavenrun-75e05d4c-e7a3-4911-be42-9b59c75f501a] INFO  o.eclipse.m2e.core.internal.Bundles - 	Entry: C:\Users\rodri\.p2\pool\plugins\org.eclipse.m2e.maven.runtime_3.9.1101.20251020-1549\jars\maven-resolver-named-locks-1.9.24.jar
2025-12-28 20:19:37,070 [Worker-7: Launching mavenrun-75e05d4c-e7a3-4911-be42-9b59c75f501a] INFO  o.eclipse.m2e.core.internal.Bundles - 	Entry: C:\Users\rodri\.p2\pool\plugins\org.eclipse.m2e.maven.runtime_3.9.1101.20251020-1549\jars\maven-resolver-provider-3.9.11.jar
2025-12-28 20:19:37,070 [Worker-7: Launching mavenrun-75e05d4c-e7a3-4911-be42-9b59c75f501a] INFO  o.eclipse.m2e.core.internal.Bundles - 	Entry: C:\Users\rodri\.p2\pool\plugins\org.eclipse.m2e.maven.runtime_3.9.1101.20251020-1549\jars\maven-resolver-spi-1.9.24.jar
2025-12-28 20:19:37,070 [Worker-7: Launching mavenrun-75e05d4c-e7a3-4911-be42-9b59c75f501a] INFO  o.eclipse.m2e.core.internal.Bundles - 	Entry: C:\Users\rodri\.p2\pool\plugins\org.eclipse.m2e.maven.runtime_3.9.1101.20251020-1549\jars\maven-resolver-transport-file-1.9.24.jar
2025-12-28 20:19:37,070 [Worker-7: Launching mavenrun-75e05d4c-e7a3-4911-be42-9b59c75f501a] INFO  o.eclipse.m2e.core.internal.Bundles - 	Entry: C:\Users\rodri\.p2\pool\plugins\org.eclipse.m2e.maven.runtime_3.9.1101.20251020-1549\jars\maven-resolver-transport-http-1.9.24.jar
2025-12-28 20:19:37,070 [Worker-7: Launching mavenrun-75e05d4c-e7a3-4911-be42-9b59c75f501a] INFO  o.eclipse.m2e.core.internal.Bundles - 	Entry: C:\Users\rodri\.p2\pool\plugins\org.eclipse.m2e.maven.runtime_3.9.1101.20251020-1549\jars\maven-resolver-transport-wagon-1.9.24.jar
2025-12-28 20:19:37,070 [Worker-7: Launching mavenrun-75e05d4c-e7a3-4911-be42-9b59c75f501a] INFO  o.eclipse.m2e.core.internal.Bundles - 	Entry: C:\Users\rodri\.p2\pool\plugins\org.eclipse.m2e.maven.runtime_3.9.1101.20251020-1549\jars\maven-resolver-util-1.9.24.jar
2025-12-28 20:19:37,070 [Worker-7: Launching mavenrun-75e05d4c-e7a3-4911-be42-9b59c75f501a] INFO  o.eclipse.m2e.core.internal.Bundles - 	Entry: C:\Users\rodri\.p2\pool\plugins\org.eclipse.m2e.maven.runtime_3.9.1101.20251020-1549\jars\maven-settings-3.9.11.jar
2025-12-28 20:19:37,071 [Worker-7: Launching mavenrun-75e05d4c-e7a3-4911-be42-9b59c75f501a] INFO  o.eclipse.m2e.core.internal.Bundles - 	Entry: C:\Users\rodri\.p2\pool\plugins\org.eclipse.m2e.maven.runtime_3.9.1101.20251020-1549\jars\maven-settings-builder-3.9.11.jar
2025-12-28 20:19:37,071 [Worker-7: Launching mavenrun-75e05d4c-e7a3-4911-be42-9b59c75f501a] INFO  o.eclipse.m2e.core.internal.Bundles - 	Entry: C:\Users\rodri\.p2\pool\plugins\org.eclipse.m2e.maven.runtime_3.9.1101.20251020-1549\jars\maven-shared-utils-3.4.2.jar
2025-12-28 20:19:37,071 [Worker-7: Launching mavenrun-75e05d4c-e7a3-4911-be42-9b59c75f501a] INFO  o.eclipse.m2e.core.internal.Bundles - 	Entry: C:\Users\rodri\.p2\pool\plugins\org.eclipse.m2e.maven.runtime_3.9.1101.20251020-1549\jars\org.eclipse.sisu.inject-0.9.0.M4.jar
2025-12-28 20:19:37,071 [Worker-7: Launching mavenrun-75e05d4c-e7a3-4911-be42-9b59c75f501a] INFO  o.eclipse.m2e.core.internal.Bundles - 	Entry: C:\Users\rodri\.p2\pool\plugins\org.eclipse.m2e.maven.runtime_3.9.1101.20251020-1549\jars\org.eclipse.sisu.plexus-0.9.0.M4.jar
2025-12-28 20:19:37,071 [Worker-7: Launching mavenrun-75e05d4c-e7a3-4911-be42-9b59c75f501a] INFO  o.eclipse.m2e.core.internal.Bundles - 	Entry: C:\Users\rodri\.p2\pool\plugins\org.eclipse.m2e.maven.runtime_3.9.1101.20251020-1549\jars\plexus-build-api-0.0.7.jar
2025-12-28 20:19:37,071 [Worker-7: Launching mavenrun-75e05d4c-e7a3-4911-be42-9b59c75f501a] INFO  o.eclipse.m2e.core.internal.Bundles - 	Entry: C:\Users\rodri\.p2\pool\plugins\org.eclipse.m2e.maven.runtime_3.9.1101.20251020-1549\jars\plexus-build-api-1.2.0.jar
2025-12-28 20:19:37,071 [Worker-7: Launching mavenrun-75e05d4c-e7a3-4911-be42-9b59c75f501a] INFO  o.eclipse.m2e.core.internal.Bundles - 	Entry: C:\Users\rodri\.p2\pool\plugins\org.eclipse.m2e.maven.runtime_3.9.1101.20251020-1549\jars\plexus-cipher-2.0.jar
2025-12-28 20:19:37,071 [Worker-7: Launching mavenrun-75e05d4c-e7a3-4911-be42-9b59c75f501a] INFO  o.eclipse.m2e.core.internal.Bundles - 	Entry: C:\Users\rodri\.p2\pool\plugins\org.eclipse.m2e.maven.runtime_3.9.1101.20251020-1549\jars\plexus-classworlds-2.9.0.jar
2025-12-28 20:19:37,071 [Worker-7: Launching mavenrun-75e05d4c-e7a3-4911-be42-9b59c75f501a] INFO  o.eclipse.m2e.core.internal.Bundles - 	Entry: C:\Users\rodri\.p2\pool\plugins\org.eclipse.m2e.maven.runtime_3.9.1101.20251020-1549\jars\plexus-component-annotations-2.2.0.jar
2025-12-28 20:19:37,071 [Worker-7: Launching mavenrun-75e05d4c-e7a3-4911-be42-9b59c75f501a] INFO  o.eclipse.m2e.core.internal.Bundles - 	Entry: C:\Users\rodri\.p2\pool\plugins\org.eclipse.m2e.maven.runtime_3.9.1101.20251020-1549\jars\plexus-interpolation-1.28.jar
2025-12-28 20:19:37,072 [Worker-7: Launching mavenrun-75e05d4c-e7a3-4911-be42-9b59c75f501a] INFO  o.eclipse.m2e.core.internal.Bundles - 	Entry: C:\Users\rodri\.p2\pool\plugins\org.eclipse.m2e.maven.runtime_3.9.1101.20251020-1549\jars\plexus-sec-dispatcher-2.0.jar
2025-12-28 20:19:37,072 [Worker-7: Launching mavenrun-75e05d4c-e7a3-4911-be42-9b59c75f501a] INFO  o.eclipse.m2e.core.internal.Bundles - 	Entry: C:\Users\rodri\.p2\pool\plugins\org.eclipse.m2e.maven.runtime_3.9.1101.20251020-1549\jars\plexus-utils-3.6.0.jar
2025-12-28 20:19:37,072 [Worker-7: Launching mavenrun-75e05d4c-e7a3-4911-be42-9b59c75f501a] INFO  o.eclipse.m2e.core.internal.Bundles - 	Entry: C:\Users\rodri\.p2\pool\plugins\org.eclipse.m2e.maven.runtime_3.9.1101.20251020-1549\jars\wagon-file-3.5.3.jar
2025-12-28 20:19:37,072 [Worker-7: Launching mavenrun-75e05d4c-e7a3-4911-be42-9b59c75f501a] INFO  o.eclipse.m2e.core.internal.Bundles - 	Entry: C:\Users\rodri\.p2\pool\plugins\org.eclipse.m2e.maven.runtime_3.9.1101.20251020-1549\jars\wagon-http-3.5.3.jar
2025-12-28 20:19:37,072 [Worker-7: Launching mavenrun-75e05d4c-e7a3-4911-be42-9b59c75f501a] INFO  o.eclipse.m2e.core.internal.Bundles - 	Entry: C:\Users\rodri\.p2\pool\plugins\org.eclipse.m2e.maven.runtime_3.9.1101.20251020-1549\jars\wagon-http-shared-3.5.3.jar
2025-12-28 20:19:37,072 [Worker-7: Launching mavenrun-75e05d4c-e7a3-4911-be42-9b59c75f501a] INFO  o.eclipse.m2e.core.internal.Bundles - 	Entry: C:\Users\rodri\.p2\pool\plugins\org.eclipse.m2e.maven.runtime_3.9.1101.20251020-1549\jars\wagon-provider-api-3.5.3.jar
2025-12-28 20:19:37,074 [Worker-7: Launching mavenrun-75e05d4c-e7a3-4911-be42-9b59c75f501a] INFO  o.eclipse.m2e.core.internal.Bundles - getClasspathEntries(Bundle=com.google.guava_33.5.0.jre [18])
2025-12-28 20:19:37,074 [Worker-7: Launching mavenrun-75e05d4c-e7a3-4911-be42-9b59c75f501a] INFO  o.eclipse.m2e.core.internal.Bundles - 	Entry: C:\Users\rodri\.p2\pool\plugins\com.google.guava_33.5.0.jre.jar
2025-12-28 20:19:37,074 [Worker-7: Launching mavenrun-75e05d4c-e7a3-4911-be42-9b59c75f501a] INFO  o.eclipse.m2e.core.internal.Bundles - getClasspathEntries(Bundle=slf4j.api_2.0.17 [1013])
2025-12-28 20:19:37,074 [Worker-7: Launching mavenrun-75e05d4c-e7a3-4911-be42-9b59c75f501a] INFO  o.eclipse.m2e.core.internal.Bundles - 	Entry: C:\Users\rodri\.p2\pool\plugins\slf4j.api_2.0.17.jar
2025-12-28 20:19:37,074 [Worker-7: Launching mavenrun-75e05d4c-e7a3-4911-be42-9b59c75f501a] INFO  o.eclipse.m2e.core.internal.Bundles - getClasspathEntries(Bundle=jakarta.inject.jakarta.inject-api_1.0.5 [35])
2025-12-28 20:19:37,074 [Worker-7: Launching mavenrun-75e05d4c-e7a3-4911-be42-9b59c75f501a] INFO  o.eclipse.m2e.core.internal.Bundles - 	Entry: C:\Users\rodri\.p2\pool\plugins\jakarta.inject.jakarta.inject-api_1.0.5.jar
2025-12-28 20:19:37,074 [Worker-7: Launching mavenrun-75e05d4c-e7a3-4911-be42-9b59c75f501a] INFO  o.eclipse.m2e.core.internal.Bundles - getClasspathEntries(Bundle=jakarta.annotation-api_1.3.5 [31])
2025-12-28 20:19:37,075 [Worker-7: Launching mavenrun-75e05d4c-e7a3-4911-be42-9b59c75f501a] INFO  o.eclipse.m2e.core.internal.Bundles - 	Entry: C:\Users\rodri\.p2\pool\plugins\jakarta.annotation-api_1.3.5.jar
2025-12-28 20:19:37,075 [Worker-7: Launching mavenrun-75e05d4c-e7a3-4911-be42-9b59c75f501a] INFO  o.eclipse.m2e.core.internal.Bundles - getClasspathEntries(Bundle=org.apache.commons.cli_1.11.0 [82])
2025-12-28 20:19:37,075 [Worker-7: Launching mavenrun-75e05d4c-e7a3-4911-be42-9b59c75f501a] INFO  o.eclipse.m2e.core.internal.Bundles - 	Entry: C:\Users\rodri\.p2\pool\plugins\org.apache.commons.cli_1.11.0.jar
2025-12-28 20:19:37,075 [Worker-7: Launching mavenrun-75e05d4c-e7a3-4911-be42-9b59c75f501a] INFO  o.eclipse.m2e.core.internal.Bundles - getClasspathEntries(Bundle=org.apache.commons.commons-codec_1.20.0 [84])
2025-12-28 20:19:37,075 [Worker-7: Launching mavenrun-75e05d4c-e7a3-4911-be42-9b59c75f501a] INFO  o.eclipse.m2e.core.internal.Bundles - 	Entry: C:\Users\rodri\.p2\pool\plugins\org.apache.commons.commons-codec_1.20.0.jar
2025-12-28 20:19:37,075 [Worker-7: Launching mavenrun-75e05d4c-e7a3-4911-be42-9b59c75f501a] INFO  o.eclipse.m2e.core.internal.Bundles - getClasspathEntries(Bundle=com.google.guava.failureaccess_1.0.3 [19])
2025-12-28 20:19:37,075 [Worker-7: Launching mavenrun-75e05d4c-e7a3-4911-be42-9b59c75f501a] INFO  o.eclipse.m2e.core.internal.Bundles - 	Entry: C:\Users\rodri\.p2\pool\plugins\com.google.guava.failureaccess_1.0.3.jar
2025-12-28 20:19:37,084 [Worker-7: Launching mavenrun-75e05d4c-e7a3-4911-be42-9b59c75f501a] INFO  o.e.m.i.launch.MavenLaunchDelegate - Run build in "C:\Users\rodri\AppData\Local\Temp\m2e-archetypeGenerator17157157617700687259":
2025-12-28 20:19:37,089 [Worker-7: Launching mavenrun-75e05d4c-e7a3-4911-be42-9b59c75f501a] INFO  o.e.m.i.launch.MavenLaunchDelegate -  mvn  -DarchetypeGroupId=org.apache.maven.archetypes -DarchetypeArtifactId=maven-archetype-quickstart -DarchetypeVersion=1.1 -DgroupId=com.gestaoconfeitaria -DartifactId=gestaoconfeitaria -Dversion=0.0.1-SNAPSHOT -Dpackage=com.gestaoconfeitaria.gestaoconfeitaria -DoutputDirectory=C:\Users\rodri\Documents\GitHub\GestaoConfeitaria -Dstyle.color=always -U archetype:generate
2025-12-28 20:20:54,420 [Worker-18: Creating maven-archetype-quickstart] INFO  o.e.m.c.i.p.ProjectConfigurationManager - Collecting project info '/pom.xml' C:\Users\rodri\Documents\GitHub\GestaoConfeitaria\gestaoconfeitaria\pom.xml
2025-12-28 20:20:55,174 [Worker-18: Creating maven-archetype-quickstart] INFO  o.e.m.c.i.l.LifecycleMappingFactory - Using org.eclipse.m2e.jdt.JarLifecycleMapping lifecycle mapping for MavenProject: com.gestaoconfeitaria:gestaoconfeitaria:0.0.1-SNAPSHOT @ C:\Users\rodri\Documents\GitHub\GestaoConfeitaria\gestaoconfeitaria\pom.xml.
2025-12-28 20:20:55,268 [Worker-18: Creating maven-archetype-quickstart] INFO  o.e.m.c.i.e.AbstractTransferListenerAdapter - Downloading https://repo.maven.apache.org/maven2/junit/junit/3.8.1/junit-3.8.1.pom
2025-12-28 20:20:55,272 [Worker-18: Creating maven-archetype-quickstart] INFO  o.e.m.c.i.e.AbstractTransferListenerAdapter - Downloaded https://repo.maven.apache.org/maven2/junit/junit/3.8.1/junit-3.8.1.pom
2025-12-28 20:20:55,313 [Worker-18: Creating maven-archetype-quickstart] INFO  o.e.m.c.i.e.AbstractTransferListenerAdapter - Downloading https://repo.maven.apache.org/maven2/junit/junit/3.8.1/junit-3.8.1.jar
2025-12-28 20:20:55,413 [Worker-18: Creating maven-archetype-quickstart] INFO  o.e.m.c.i.e.AbstractTransferListenerAdapter - Downloaded https://repo.maven.apache.org/maven2/junit/junit/3.8.1/junit-3.8.1.jar
2025-12-28 20:20:56,200 [Worker-18: Creating maven-archetype-quickstart] INFO  o.e.m.j.i.AbstractJavaProjectConfigurator - Adding source folder /gestaoconfeitaria/src/main/java
2025-12-28 20:20:56,203 [Worker-18: Creating maven-archetype-quickstart] INFO  o.e.m.j.i.AbstractJavaProjectConfigurator - Adding resource folder /gestaoconfeitaria/src/main/resources
2025-12-28 20:20:56,207 [Worker-18: Creating maven-archetype-quickstart] INFO  o.e.m.j.i.AbstractJavaProjectConfigurator - Adding source folder /gestaoconfeitaria/src/test/java
2025-12-28 20:20:56,208 [Worker-18: Creating maven-archetype-quickstart] INFO  o.e.m.j.i.AbstractJavaProjectConfigurator - Adding resource folder /gestaoconfeitaria/src/test/resources
2025-12-28 20:20:56,327 [Worker-18: Creating maven-archetype-quickstart] WARN  o.apache.maven.project.MavenProject - Direct modification of compileSourceRoots through clear() is deprecated and will not work in Maven 4.0.0. Please use the add/remove methods instead. If you're using a plugin that causes this warning, please upgrade to the latest version and report an issue if the warning persists. To disable these warnings, set -Dmaven.project.sourceRoots.warningsDisabled=true on the command line, in the .mvn/maven.config file, or in project POM properties.
2025-12-28 20:20:56,328 [Worker-18: Creating maven-archetype-quickstart] WARN  o.apache.maven.project.MavenProject - Direct modification of compileSourceRoots through add() is deprecated and will not work in Maven 4.0.0. Please use the add/remove methods instead. If you're using a plugin that causes this warning, please upgrade to the latest version and report an issue if the warning persists. To disable these warnings, set -Dmaven.project.sourceRoots.warningsDisabled=true on the command line, in the .mvn/maven.config file, or in project POM properties.
2025-12-28 20:20:56,330 [Worker-18: Creating maven-archetype-quickstart] WARN  o.apache.maven.project.MavenProject - Direct modification of testCompileSourceRoots through clear() is deprecated and will not work in Maven 4.0.0. Please use the add/remove methods instead. If you're using a plugin that causes this warning, please upgrade to the latest version and report an issue if the warning persists. To disable these warnings, set -Dmaven.project.sourceRoots.warningsDisabled=true on the command line, in the .mvn/maven.config file, or in project POM properties.
2025-12-28 20:20:56,331 [Worker-18: Creating maven-archetype-quickstart] WARN  o.apache.maven.project.MavenProject - Direct modification of testCompileSourceRoots through add() is deprecated and will not work in Maven 4.0.0. Please use the add/remove methods instead. If you're using a plugin that causes this warning, please upgrade to the latest version and report an issue if the warning persists. To disable these warnings, set -Dmaven.project.sourceRoots.warningsDisabled=true on the command line, in the .mvn/maven.config file, or in project POM properties.
2025-12-28 20:20:56,375 [Worker-18: Creating maven-archetype-quickstart] INFO  o.e.m.c.i.p.ProjectConfigurationManager - Imported and configured 1 project(s) in 1 sec
2025-12-28 20:20:57,008 [Worker-16: Download sources and javadoc] INFO  o.e.m.c.i.e.AbstractTransferListenerAdapter - Downloading https://repo.maven.apache.org/maven2/junit/junit/3.8.1/junit-3.8.1-sources.jar
2025-12-28 20:20:57,030 [Worker-16: Download sources and javadoc] INFO  o.e.m.c.i.e.AbstractTransferListenerAdapter - Downloaded https://repo.maven.apache.org/maven2/junit/junit/3.8.1/junit-3.8.1-sources.jar
2025-12-28 20:20:57,033 [Worker-16: Download sources and javadoc] INFO  o.e.m.j.internal.DownloadSourcesJob - Downloaded sources for junit:junit:3.8.1
2025-12-28 20:20:58,658 [Worker-27: Building] INFO  o.a.m.s.f.DefaultMavenResourcesFiltering - skip non existing resourceDirectory C:\Users\rodri\Documents\GitHub\GestaoConfeitaria\gestaoconfeitaria\src\main\resources
2025-12-28 20:20:58,663 [Worker-27: Building] INFO  o.a.m.s.f.DefaultMavenResourcesFiltering - skip non existing resourceDirectory C:\Users\rodri\Documents\GitHub\GestaoConfeitaria\gestaoconfeitaria\src\test\resources
2025-12-28 20:20:59,211 [Worker-27: Building] WARN  o.apache.maven.project.MavenProject - Direct modification of compileSourceRoots through clear() is deprecated and will not work in Maven 4.0.0. Please use the add/remove methods instead. If you're using a plugin that causes this warning, please upgrade to the latest version and report an issue if the warning persists. To disable these warnings, set -Dmaven.project.sourceRoots.warningsDisabled=true on the command line, in the .mvn/maven.config file, or in project POM properties.
2025-12-28 20:20:59,212 [Worker-27: Building] WARN  o.apache.maven.project.MavenProject - Direct modification of compileSourceRoots through add() is deprecated and will not work in Maven 4.0.0. Please use the add/remove methods instead. If you're using a plugin that causes this warning, please upgrade to the latest version and report an issue if the warning persists. To disable these warnings, set -Dmaven.project.sourceRoots.warningsDisabled=true on the command line, in the .mvn/maven.config file, or in project POM properties.
2025-12-28 20:20:59,213 [Worker-27: Building] WARN  o.apache.maven.project.MavenProject - Direct modification of testCompileSourceRoots through clear() is deprecated and will not work in Maven 4.0.0. Please use the add/remove methods instead. If you're using a plugin that causes this warning, please upgrade to the latest version and report an issue if the warning persists. To disable these warnings, set -Dmaven.project.sourceRoots.warningsDisabled=true on the command line, in the .mvn/maven.config file, or in project POM properties.
2025-12-28 20:20:59,214 [Worker-27: Building] WARN  o.apache.maven.project.MavenProject - Direct modification of testCompileSourceRoots through add() is deprecated and will not work in Maven 4.0.0. Please use the add/remove methods instead. If you're using a plugin that causes this warning, please upgrade to the latest version and report an issue if the warning persists. To disable these warnings, set -Dmaven.project.sourceRoots.warningsDisabled=true on the command line, in the .mvn/maven.config file, or in project POM properties.
2025-12-28 20:25:19,669 [Worker-34: Building] INFO  o.e.m.c.i.l.LifecycleMappingFactory - Using org.eclipse.m2e.jdt.JarLifecycleMapping lifecycle mapping for MavenProject: com.gestaoconfeitaria:gestaoconfeitaria:0.0.1-SNAPSHOT @ C:\Users\rodri\Documents\GitHub\GestaoConfeitaria\gestaoconfeitaria\pom.xml.
2025-12-28 20:25:19,758 [Worker-34: Building] INFO  o.e.m.c.i.e.AbstractTransferListenerAdapter - Downloading https://repo.maven.apache.org/maven2/org/postgresql/postgresql/42.6.0/postgresql-42.6.0.pom
2025-12-28 20:25:19,783 [Worker-34: Building] INFO  o.e.m.c.i.e.AbstractTransferListenerAdapter - Downloaded https://repo.maven.apache.org/maven2/org/postgresql/postgresql/42.6.0/postgresql-42.6.0.pom
2025-12-28 20:25:19,829 [Worker-34: Building] INFO  o.e.m.c.i.e.AbstractTransferListenerAdapter - Downloading https://repo.maven.apache.org/maven2/org/checkerframework/checker-qual/3.31.0/checker-qual-3.31.0.pom
2025-12-28 20:25:19,874 [Worker-34: Building] INFO  o.e.m.c.i.e.AbstractTransferListenerAdapter - Downloaded https://repo.maven.apache.org/maven2/org/checkerframework/checker-qual/3.31.0/checker-qual-3.31.0.pom
2025-12-28 20:25:19,921 [Worker-34: Building] INFO  o.e.m.c.i.e.AbstractTransferListenerAdapter - Downloading https://repo.maven.apache.org/maven2/org/postgresql/postgresql/42.6.0/postgresql-42.6.0.jar
2025-12-28 20:25:20,241 [Worker-34: Building] INFO  o.e.m.c.i.e.AbstractTransferListenerAdapter - Downloaded https://repo.maven.apache.org/maven2/org/postgresql/postgresql/42.6.0/postgresql-42.6.0.jar
2025-12-28 20:25:20,281 [BasicRepositoryConnector-repo.maven.apache.org-0-0] INFO  o.e.m.c.i.e.AbstractTransferListenerAdapter - Downloading https://repo.maven.apache.org/maven2/org/checkerframework/checker-qual/3.31.0/checker-qual-3.31.0.jar
2025-12-28 20:25:20,383 [BasicRepositoryConnector-repo.maven.apache.org-0-0] INFO  o.e.m.c.i.e.AbstractTransferListenerAdapter - Downloaded https://repo.maven.apache.org/maven2/org/checkerframework/checker-qual/3.31.0/checker-qual-3.31.0.jar
2025-12-28 20:25:20,561 [Worker-34: Building] WARN  o.a.m.s.f.DefaultMavenResourcesFiltering - Using platform encoding (UTF-8 actually) to copy filtered resources, i.e. build is platform dependent!
2025-12-28 20:25:20,563 [Worker-34: Building] INFO  o.a.m.s.f.DefaultMavenResourcesFiltering - skip non existing resourceDirectory C:\Users\rodri\Documents\GitHub\GestaoConfeitaria\gestaoconfeitaria\src\main\resources
2025-12-28 20:25:20,568 [Worker-34: Building] WARN  o.a.m.s.f.DefaultMavenResourcesFiltering - Using platform encoding (UTF-8 actually) to copy filtered resources, i.e. build is platform dependent!
2025-12-28 20:25:20,569 [Worker-34: Building] INFO  o.a.m.s.f.DefaultMavenResourcesFiltering - skip non existing resourceDirectory C:\Users\rodri\Documents\GitHub\GestaoConfeitaria\gestaoconfeitaria\src\test\resources
2025-12-28 20:25:20,855 [Worker-34: Building] WARN  o.apache.maven.project.MavenProject - Direct modification of compileSourceRoots through clear() is deprecated and will not work in Maven 4.0.0. Please use the add/remove methods instead. If you're using a plugin that causes this warning, please upgrade to the latest version and report an issue if the warning persists. To disable these warnings, set -Dmaven.project.sourceRoots.warningsDisabled=true on the command line, in the .mvn/maven.config file, or in project POM properties.
2025-12-28 20:25:20,856 [Worker-34: Building] WARN  o.apache.maven.project.MavenProject - Direct modification of compileSourceRoots through add() is deprecated and will not work in Maven 4.0.0. Please use the add/remove methods instead. If you're using a plugin that causes this warning, please upgrade to the latest version and report an issue if the warning persists. To disable these warnings, set -Dmaven.project.sourceRoots.warningsDisabled=true on the command line, in the .mvn/maven.config file, or in project POM properties.
2025-12-28 20:25:20,856 [Worker-34: Building] WARN  o.apache.maven.project.MavenProject - Direct modification of testCompileSourceRoots through clear() is deprecated and will not work in Maven 4.0.0. Please use the add/remove methods instead. If you're using a plugin that causes this warning, please upgrade to the latest version and report an issue if the warning persists. To disable these warnings, set -Dmaven.project.sourceRoots.warningsDisabled=true on the command line, in the .mvn/maven.config file, or in project POM properties.
2025-12-28 20:25:20,857 [Worker-34: Building] WARN  o.apache.maven.project.MavenProject - Direct modification of testCompileSourceRoots through add() is deprecated and will not work in Maven 4.0.0. Please use the add/remove methods instead. If you're using a plugin that causes this warning, please upgrade to the latest version and report an issue if the warning persists. To disable these warnings, set -Dmaven.project.sourceRoots.warningsDisabled=true on the command line, in the .mvn/maven.config file, or in project POM properties.
2025-12-28 20:25:21,507 [Worker-31: Download sources and javadoc] INFO  o.e.m.c.i.e.AbstractTransferListenerAdapter - Downloading https://repo.maven.apache.org/maven2/org/postgresql/postgresql/42.6.0/postgresql-42.6.0-sources.jar
2025-12-28 20:25:21,736 [Worker-31: Download sources and javadoc] INFO  o.e.m.c.i.e.AbstractTransferListenerAdapter - Downloaded https://repo.maven.apache.org/maven2/org/postgresql/postgresql/42.6.0/postgresql-42.6.0-sources.jar
2025-12-28 20:25:21,738 [Worker-31: Download sources and javadoc] INFO  o.e.m.j.internal.DownloadSourcesJob - Downloaded sources for org.postgresql:postgresql:42.6.0
2025-12-28 20:25:21,806 [Worker-31: Download sources and javadoc] INFO  o.e.m.c.i.e.AbstractTransferListenerAdapter - Downloading https://repo.maven.apache.org/maven2/org/checkerframework/checker-qual/3.31.0/checker-qual-3.31.0-sources.jar
2025-12-28 20:25:21,877 [Worker-31: Download sources and javadoc] INFO  o.e.m.c.i.e.AbstractTransferListenerAdapter - Downloaded https://repo.maven.apache.org/maven2/org/checkerframework/checker-qual/3.31.0/checker-qual-3.31.0-sources.jar
2025-12-28 20:25:21,879 [Worker-31: Download sources and javadoc] INFO  o.e.m.j.internal.DownloadSourcesJob - Downloaded sources for org.checkerframework:checker-qual:3.31.0
2025-12-28 20:25:22,093 [Worker-31: Building] WARN  o.a.m.s.f.DefaultMavenResourcesFiltering - Using platform encoding (UTF-8 actually) to copy filtered resources, i.e. build is platform dependent!
2025-12-28 20:25:22,094 [Worker-31: Building] INFO  o.a.m.s.f.DefaultMavenResourcesFiltering - skip non existing resourceDirectory C:\Users\rodri\Documents\GitHub\GestaoConfeitaria\gestaoconfeitaria\src\main\resources
2025-12-28 20:25:22,096 [Worker-31: Building] WARN  o.a.m.s.f.DefaultMavenResourcesFiltering - Using platform encoding (UTF-8 actually) to copy filtered resources, i.e. build is platform dependent!
2025-12-28 20:25:22,097 [Worker-31: Building] INFO  o.a.m.s.f.DefaultMavenResourcesFiltering - skip non existing resourceDirectory C:\Users\rodri\Documents\GitHub\GestaoConfeitaria\gestaoconfeitaria\src\test\resources
2025-12-28 20:25:22,106 [Worker-31: Building] WARN  o.apache.maven.project.MavenProject - Direct modification of compileSourceRoots through clear() is deprecated and will not work in Maven 4.0.0. Please use the add/remove methods instead. If you're using a plugin that causes this warning, please upgrade to the latest version and report an issue if the warning persists. To disable these warnings, set -Dmaven.project.sourceRoots.warningsDisabled=true on the command line, in the .mvn/maven.config file, or in project POM properties.
2025-12-28 20:25:22,107 [Worker-31: Building] WARN  o.apache.maven.project.MavenProject - Direct modification of compileSourceRoots through add() is deprecated and will not work in Maven 4.0.0. Please use the add/remove methods instead. If you're using a plugin that causes this warning, please upgrade to the latest version and report an issue if the warning persists. To disable these warnings, set -Dmaven.project.sourceRoots.warningsDisabled=true on the command line, in the .mvn/maven.config file, or in project POM properties.
2025-12-28 20:25:22,107 [Worker-31: Building] WARN  o.apache.maven.project.MavenProject - Direct modification of testCompileSourceRoots through clear() is deprecated and will not work in Maven 4.0.0. Please use the add/remove methods instead. If you're using a plugin that causes this warning, please upgrade to the latest version and report an issue if the warning persists. To disable these warnings, set -Dmaven.project.sourceRoots.warningsDisabled=true on the command line, in the .mvn/maven.config file, or in project POM properties.
2025-12-28 20:25:22,108 [Worker-31: Building] WARN  o.apache.maven.project.MavenProject - Direct modification of testCompileSourceRoots through add() is deprecated and will not work in Maven 4.0.0. Please use the add/remove methods instead. If you're using a plugin that causes this warning, please upgrade to the latest version and report an issue if the warning persists. To disable these warnings, set -Dmaven.project.sourceRoots.warningsDisabled=true on the command line, in the .mvn/maven.config file, or in project POM properties.
2025-12-28 20:40:42,529 [Worker-42: Building] WARN  o.a.m.s.f.DefaultMavenResourcesFiltering - Using platform encoding (UTF-8 actually) to copy filtered resources, i.e. build is platform dependent!
2025-12-28 20:40:42,531 [Worker-42: Building] INFO  o.a.m.s.f.DefaultMavenResourcesFiltering - skip non existing resourceDirectory C:\Users\rodri\Documents\GitHub\GestaoConfeitaria\gestaoconfeitaria\src\main\resources
2025-12-28 20:40:42,535 [Worker-42: Building] WARN  o.a.m.s.f.DefaultMavenResourcesFiltering - Using platform encoding (UTF-8 actually) to copy filtered resources, i.e. build is platform dependent!
2025-12-28 20:40:42,536 [Worker-42: Building] INFO  o.a.m.s.f.DefaultMavenResourcesFiltering - skip non existing resourceDirectory C:\Users\rodri\Documents\GitHub\GestaoConfeitaria\gestaoconfeitaria\src\test\resources
2025-12-28 20:40:42,547 [Worker-42: Building] WARN  o.apache.maven.project.MavenProject - Direct modification of compileSourceRoots through clear() is deprecated and will not work in Maven 4.0.0. Please use the add/remove methods instead. If you're using a plugin that causes this warning, please upgrade to the latest version and report an issue if the warning persists. To disable these warnings, set -Dmaven.project.sourceRoots.warningsDisabled=true on the command line, in the .mvn/maven.config file, or in project POM properties.
2025-12-28 20:40:42,548 [Worker-42: Building] WARN  o.apache.maven.project.MavenProject - Direct modification of compileSourceRoots through add() is deprecated and will not work in Maven 4.0.0. Please use the add/remove methods instead. If you're using a plugin that causes this warning, please upgrade to the latest version and report an issue if the warning persists. To disable these warnings, set -Dmaven.project.sourceRoots.warningsDisabled=true on the command line, in the .mvn/maven.config file, or in project POM properties.
2025-12-28 20:40:42,549 [Worker-42: Building] WARN  o.apache.maven.project.MavenProject - Direct modification of testCompileSourceRoots through clear() is deprecated and will not work in Maven 4.0.0. Please use the add/remove methods instead. If you're using a plugin that causes this warning, please upgrade to the latest version and report an issue if the warning persists. To disable these warnings, set -Dmaven.project.sourceRoots.warningsDisabled=true on the command line, in the .mvn/maven.config file, or in project POM properties.
2025-12-28 20:40:42,549 [Worker-42: Building] WARN  o.apache.maven.project.MavenProject - Direct modification of testCompileSourceRoots through add() is deprecated and will not work in Maven 4.0.0. Please use the add/remove methods instead. If you're using a plugin that causes this warning, please upgrade to the latest version and report an issue if the warning persists. To disable these warnings, set -Dmaven.project.sourceRoots.warningsDisabled=true on the command line, in the .mvn/maven.config file, or in project POM properties.
2025-12-28 21:54:52,662 [Worker-55: Building] WARN  o.a.m.s.f.DefaultMavenResourcesFiltering - Using platform encoding (UTF-8 actually) to copy filtered resources, i.e. build is platform dependent!
2025-12-28 21:54:52,710 [Worker-55: Building] INFO  o.a.m.s.f.DefaultMavenResourcesFiltering - skip non existing resourceDirectory C:\Users\rodri\Documents\GitHub\GestaoConfeitaria\gestaoconfeitaria\src\main\resources
2025-12-28 21:54:52,714 [Worker-55: Building] WARN  o.a.m.s.f.DefaultMavenResourcesFiltering - Using platform encoding (UTF-8 actually) to copy filtered resources, i.e. build is platform dependent!
2025-12-28 21:54:52,715 [Worker-55: Building] INFO  o.a.m.s.f.DefaultMavenResourcesFiltering - skip non existing resourceDirectory C:\Users\rodri\Documents\GitHub\GestaoConfeitaria\gestaoconfeitaria\src\test\resources
2025-12-28 21:54:52,783 [Worker-55: Building] WARN  o.apache.maven.project.MavenProject - Direct modification of compileSourceRoots through clear() is deprecated and will not work in Maven 4.0.0. Please use the add/remove methods instead. If you're using a plugin that causes this warning, please upgrade to the latest version and report an issue if the warning persists. To disable these warnings, set -Dmaven.project.sourceRoots.warningsDisabled=true on the command line, in the .mvn/maven.config file, or in project POM properties.
2025-12-28 21:54:52,784 [Worker-55: Building] WARN  o.apache.maven.project.MavenProject - Direct modification of compileSourceRoots through add() is deprecated and will not work in Maven 4.0.0. Please use the add/remove methods instead. If you're using a plugin that causes this warning, please upgrade to the latest version and report an issue if the warning persists. To disable these warnings, set -Dmaven.project.sourceRoots.warningsDisabled=true on the command line, in the .mvn/maven.config file, or in project POM properties.
2025-12-28 21:54:52,786 [Worker-55: Building] WARN  o.apache.maven.project.MavenProject - Direct modification of testCompileSourceRoots through clear() is deprecated and will not work in Maven 4.0.0. Please use the add/remove methods instead. If you're using a plugin that causes this warning, please upgrade to the latest version and report an issue if the warning persists. To disable these warnings, set -Dmaven.project.sourceRoots.warningsDisabled=true on the command line, in the .mvn/maven.config file, or in project POM properties.
2025-12-28 21:54:52,787 [Worker-55: Building] WARN  o.apache.maven.project.MavenProject - Direct modification of testCompileSourceRoots through add() is deprecated and will not work in Maven 4.0.0. Please use the add/remove methods instead. If you're using a plugin that causes this warning, please upgrade to the latest version and report an issue if the warning persists. To disable these warnings, set -Dmaven.project.sourceRoots.warningsDisabled=true on the command line, in the .mvn/maven.config file, or in project POM properties.
